<===daffa===>
::1 - - [21/Jul/2022:02:05:49 +0000] "GET /products HTTP/1.1" - -
<===daffa===>
::1 - - [21/Jul/2022:02:05:49 +0000] "GET /products HTTP/1.1" - -
<===daffa===>
::1 - - [21/Jul/2022:02:05:49 +0000] "GET /products HTTP/1.1" - -
<===daffa===>
::1 - - [21/Jul/2022:02:05:49 +0000] "GET /products HTTP/1.1" 200 585325
<===daffa===>
::1 - - [21/Jul/2022:02:06:11 +0000] "GET /products HTTP/1.1" 304 -
<===daffa===>
::1 - - [21/Jul/2022:02:08:06 +0000] "GET /products HTTP/1.1" 304 -
<===daffa===>
::1 - - [21/Jul/2022:02:09:33 +0000] "GET /products HTTP/1.1" 304 -
<===daffa===>
GET
<===daffa===>
GET
<===daffa===>
GET
<===daffa===>
GET
<===daffa===>
GET
<===daffa===>
GET
